2020-10-31 17:20:39.815  INFO 78788 --- [restartedMain] com.gqlxc.blog.BlogApplication           : Starting BlogApplication on DESKTOP-7HCDM5H with PID 78788 (D:\ideaproject\blog\target\classes started by 86135 in D:\ideaproject\blog)
2020-10-31 17:20:39.817 DEBUG 78788 --- [restartedMain] com.gqlxc.blog.BlogApplication           : Running with Spring Boot v2.3.5.RELEASE, Spring v5.2.10.RELEASE
2020-10-31 17:20:39.817  INFO 78788 --- [restartedMain] com.gqlxc.blog.BlogApplication           : The following profiles are active: dev
2020-10-31 17:20:39.949  INFO 78788 --- [restartedMain] .e.DevToolsPropertyDefaultsPostProcessor : Devtools property defaults active! Set 'spring.devtools.add-properties' to 'false' to disable
2020-10-31 17:20:39.950  INFO 78788 --- [restartedMain] .e.DevToolsPropertyDefaultsPostProcessor : For additional web related logging consider setting the 'logging.level.web' property to 'DEBUG'
2020-10-31 17:20:41.821  INFO 78788 --- [restartedMain] .s.d.r.c.RepositoryConfigurationDelegate : Bootstrapping Spring Data JPA repositories in DEFERRED mode.
2020-10-31 17:20:41.853  INFO 78788 --- [restartedMain] .s.d.r.c.RepositoryConfigurationDelegate : Finished Spring Data repository scanning in 17ms. Found 0 JPA repository interfaces.
2020-10-31 17:20:42.746  INFO 78788 --- [restartedMain] o.s.b.w.embedded.tomcat.TomcatWebServer  : Tomcat initialized with port(s): 8080 (http)
2020-10-31 17:20:42.757  INFO 78788 --- [restartedMain] o.apache.catalina.core.StandardService   : Starting service [Tomcat]
2020-10-31 17:20:42.758  INFO 78788 --- [restartedMain] org.apache.catalina.core.StandardEngine  : Starting Servlet engine: [Apache Tomcat/9.0.39]
2020-10-31 17:20:42.989  INFO 78788 --- [restartedMain] o.a.c.c.C.[Tomcat].[localhost].[/]       : Initializing Spring embedded WebApplicationContext
2020-10-31 17:20:42.989  INFO 78788 --- [restartedMain] w.s.c.ServletWebServerApplicationContext : Root WebApplicationContext: initialization completed in 3038 ms
2020-10-31 17:20:43.437  INFO 78788 --- [restartedMain] o.s.s.concurrent.ThreadPoolTaskExecutor  : Initializing ExecutorService 'applicationTaskExecutor'
2020-10-31 17:20:43.629  INFO 78788 --- [task-1] o.hibernate.jpa.internal.util.LogHelper  : HHH000204: Processing PersistenceUnitInfo [name: default]
2020-10-31 17:20:43.761  WARN 78788 --- [restartedMain] JpaBaseConfiguration$JpaWebConfiguration : spring.jpa.open-in-view is enabled by default. Therefore, database queries may be performed during view rendering. Explicitly configure spring.jpa.open-in-view to disable this warning
2020-10-31 17:20:43.892  INFO 78788 --- [task-1] org.hibernate.Version                    : HHH000412: Hibernate ORM core version 5.4.22.Final
2020-10-31 17:20:44.358  INFO 78788 --- [task-1] o.hibernate.annotations.common.Version   : HCANN000001: Hibernate Commons Annotations {5.1.0.Final}
2020-10-31 17:20:44.450  WARN 78788 --- [restartedMain] ion$DefaultTemplateResolverConfiguration : Cannot find template location: classpath:/templates/ (please add some templates or check your Thymeleaf configuration)
2020-10-31 17:20:44.619  INFO 78788 --- [task-1] com.zaxxer.hikari.HikariDataSource       : HikariPool-1 - Starting...
2020-10-31 17:20:44.621  WARN 78788 --- [task-1] com.zaxxer.hikari.util.DriverDataSource  : Registered driver with driverClassName=com.mysql.jdbc.Driver was not found, trying direct instantiation.
2020-10-31 17:20:44.673  INFO 78788 --- [restartedMain] o.s.b.d.a.OptionalLiveReloadServer       : LiveReload server is running on port 35729
2020-10-31 17:20:44.735  INFO 78788 --- [restartedMain] o.s.b.w.embedded.tomcat.TomcatWebServer  : Tomcat started on port(s): 8080 (http) with context path ''
2020-10-31 17:20:44.737  INFO 78788 --- [restartedMain] DeferredRepositoryInitializationListener : Triggering deferred initialization of Spring Data repositories…
2020-10-31 17:20:44.737  INFO 78788 --- [restartedMain] DeferredRepositoryInitializationListener : Spring Data repositories initialized!
2020-10-31 17:20:44.786  INFO 78788 --- [restartedMain] com.gqlxc.blog.BlogApplication           : Started BlogApplication in 6.017 seconds (JVM running for 6.857)
2020-10-31 17:20:46.141 ERROR 78788 --- [task-1] com.zaxxer.hikari.pool.HikariPool        : HikariPool-1 - Exception during pool initialization.

java.sql.SQLSyntaxErrorException: Unknown database 'blog'
	at com.mysql.cj.jdbc.exceptions.SQLError.createSQLException(SQLError.java:120)
	at com.mysql.cj.jdbc.exceptions.SQLError.createSQLException(SQLError.java:97)
	at com.mysql.cj.jdbc.exceptions.SQLExceptionsMapping.translateException(SQLExceptionsMapping.java:122)
	at com.mysql.cj.jdbc.ConnectionImpl.createNewIO(ConnectionImpl.java:836)
	at com.mysql.cj.jdbc.ConnectionImpl.<init>(ConnectionImpl.java:456)
	at com.mysql.cj.jdbc.ConnectionImpl.getInstance(ConnectionImpl.java:246)
	at com.mysql.cj.jdbc.NonRegisteringDriver.connect(NonRegisteringDriver.java:198)
	at com.zaxxer.hikari.util.DriverDataSource.getConnection(DriverDataSource.java:138)
	at com.zaxxer.hikari.pool.PoolBase.newConnection(PoolBase.java:358)
	at com.zaxxer.hikari.pool.PoolBase.newPoolEntry(PoolBase.java:206)
	at com.zaxxer.hikari.pool.HikariPool.createPoolEntry(HikariPool.java:477)
	at com.zaxxer.hikari.pool.HikariPool.checkFailFast(HikariPool.java:560)
	at com.zaxxer.hikari.pool.HikariPool.<init>(HikariPool.java:115)
	at com.zaxxer.hikari.HikariDataSource.getConnection(HikariDataSource.java:112)
	at org.hibernate.engine.jdbc.connections.internal.DatasourceConnectionProviderImpl.getConnection(DatasourceConnectionProviderImpl.java:122)
	at org.hibernate.engine.jdbc.env.internal.JdbcEnvironmentInitiator$ConnectionProviderJdbcConnectionAccess.obtainConnection(JdbcEnvironmentInitiator.java:180)
	at org.hibernate.engine.jdbc.env.internal.JdbcEnvironmentInitiator.initiateService(JdbcEnvironmentInitiator.java:68)
	at org.hibernate.engine.jdbc.env.internal.JdbcEnvironmentInitiator.initiateService(JdbcEnvironmentInitiator.java:35)
	at org.hibernate.boot.registry.internal.StandardServiceRegistryImpl.initiateService(StandardServiceRegistryImpl.java:101)
	at org.hibernate.service.internal.AbstractServiceRegistryImpl.createService(AbstractServiceRegistryImpl.java:263)
	at org.hibernate.service.internal.AbstractServiceRegistryImpl.initializeService(AbstractServiceRegistryImpl.java:237)
	at org.hibernate.service.internal.AbstractServiceRegistryImpl.getService(AbstractServiceRegistryImpl.java:214)
	at org.hibernate.id.factory.internal.DefaultIdentifierGeneratorFactory.injectServices(DefaultIdentifierGeneratorFactory.java:152)
	at org.hibernate.service.internal.AbstractServiceRegistryImpl.injectDependencies(AbstractServiceRegistryImpl.java:286)
	at org.hibernate.service.internal.AbstractServiceRegistryImpl.initializeService(AbstractServiceRegistryImpl.java:243)
	at org.hibernate.service.internal.AbstractServiceRegistryImpl.getService(AbstractServiceRegistryImpl.java:214)
	at org.hibernate.boot.internal.InFlightMetadataCollectorImpl.<init>(InFlightMetadataCollectorImpl.java:176)
	at org.hibernate.boot.model.process.spi.MetadataBuildingProcess.complete(MetadataBuildingProcess.java:118)
	at org.hibernate.jpa.boot.internal.EntityManagerFactoryBuilderImpl.metadata(EntityManagerFactoryBuilderImpl.java:1224)
	at org.hibernate.jpa.boot.internal.EntityManagerFactoryBuilderImpl.build(EntityManagerFactoryBuilderImpl.java:1255)
	at org.springframework.orm.jpa.vendor.SpringHibernateJpaPersistenceProvider.createContainerEntityManagerFactory(SpringHibernateJpaPersistenceProvider.java:58)
	at org.springframework.orm.jpa.LocalContainerEntityManagerFactoryBean.createNativeEntityManagerFactory(LocalContainerEntityManagerFactoryBean.java:365)
	at org.springframework.orm.jpa.AbstractEntityManagerFactoryBean.buildNativeEntityManagerFactory(AbstractEntityManagerFactoryBean.java:391)
	at java.util.concurrent.FutureTask.run(FutureTask.java:266)
	at java.util.concurrent.ThreadPoolExecutor.runWorker(ThreadPoolExecutor.java:1142)
	at java.util.concurrent.ThreadPoolExecutor$Worker.run(ThreadPoolExecutor.java:617)
	at java.lang.Thread.run(Thread.java:745)

2020-10-31 17:20:46.143  WARN 78788 --- [task-1] o.h.e.j.e.i.JdbcEnvironmentInitiator     : HHH000342: Could not obtain connection to query metadata : Unknown database 'blog'
2020-10-31 17:21:26.597  INFO 46008 --- [restartedMain] com.gqlxc.blog.BlogApplication           : Starting BlogApplication on DESKTOP-7HCDM5H with PID 46008 (D:\ideaproject\blog\target\classes started by 86135 in D:\ideaproject\blog)
2020-10-31 17:21:26.599 DEBUG 46008 --- [restartedMain] com.gqlxc.blog.BlogApplication           : Running with Spring Boot v2.3.5.RELEASE, Spring v5.2.10.RELEASE
2020-10-31 17:21:26.599  INFO 46008 --- [restartedMain] com.gqlxc.blog.BlogApplication           : The following profiles are active: dev
2020-10-31 17:21:26.673  INFO 46008 --- [restartedMain] .e.DevToolsPropertyDefaultsPostProcessor : Devtools property defaults active! Set 'spring.devtools.add-properties' to 'false' to disable
2020-10-31 17:21:26.673  INFO 46008 --- [restartedMain] .e.DevToolsPropertyDefaultsPostProcessor : For additional web related logging consider setting the 'logging.level.web' property to 'DEBUG'
2020-10-31 17:21:27.161  INFO 46008 --- [restartedMain] .s.d.r.c.RepositoryConfigurationDelegate : Bootstrapping Spring Data JPA repositories in DEFERRED mode.
2020-10-31 17:21:27.179  INFO 46008 --- [restartedMain] .s.d.r.c.RepositoryConfigurationDelegate : Finished Spring Data repository scanning in 9ms. Found 0 JPA repository interfaces.
2020-10-31 17:21:27.706  INFO 46008 --- [restartedMain] o.s.b.w.embedded.tomcat.TomcatWebServer  : Tomcat initialized with port(s): 8080 (http)
2020-10-31 17:21:27.713  INFO 46008 --- [restartedMain] o.apache.catalina.core.StandardService   : Starting service [Tomcat]
2020-10-31 17:21:27.713  INFO 46008 --- [restartedMain] org.apache.catalina.core.StandardEngine  : Starting Servlet engine: [Apache Tomcat/9.0.39]
2020-10-31 17:21:27.792  INFO 46008 --- [restartedMain] o.a.c.c.C.[Tomcat].[localhost].[/]       : Initializing Spring embedded WebApplicationContext
2020-10-31 17:21:27.792  INFO 46008 --- [restartedMain] w.s.c.ServletWebServerApplicationContext : Root WebApplicationContext: initialization completed in 1118 ms
2020-10-31 17:21:27.936  INFO 46008 --- [restartedMain] o.s.s.concurrent.ThreadPoolTaskExecutor  : Initializing ExecutorService 'applicationTaskExecutor'
2020-10-31 17:21:27.967  INFO 46008 --- [task-1] o.hibernate.jpa.internal.util.LogHelper  : HHH000204: Processing PersistenceUnitInfo [name: default]
2020-10-31 17:21:27.997  WARN 46008 --- [restartedMain] JpaBaseConfiguration$JpaWebConfiguration : spring.jpa.open-in-view is enabled by default. Therefore, database queries may be performed during view rendering. Explicitly configure spring.jpa.open-in-view to disable this warning
2020-10-31 17:21:28.012  INFO 46008 --- [task-1] org.hibernate.Version                    : HHH000412: Hibernate ORM core version 5.4.22.Final
2020-10-31 17:21:28.122  INFO 46008 --- [task-1] o.hibernate.annotations.common.Version   : HCANN000001: Hibernate Commons Annotations {5.1.0.Final}
2020-10-31 17:21:28.211  INFO 46008 --- [task-1] com.zaxxer.hikari.HikariDataSource       : HikariPool-1 - Starting...
2020-10-31 17:21:28.212  WARN 46008 --- [task-1] com.zaxxer.hikari.util.DriverDataSource  : Registered driver with driverClassName=com.mysql.jdbc.Driver was not found, trying direct instantiation.
2020-10-31 17:21:28.242  WARN 46008 --- [restartedMain] ion$DefaultTemplateResolverConfiguration : Cannot find template location: classpath:/templates/ (please add some templates or check your Thymeleaf configuration)
2020-10-31 17:21:28.337  INFO 46008 --- [restartedMain] o.s.b.d.a.OptionalLiveReloadServer       : LiveReload server is running on port 35729
2020-10-31 17:21:28.380  INFO 46008 --- [restartedMain] o.s.b.w.embedded.tomcat.TomcatWebServer  : Tomcat started on port(s): 8080 (http) with context path ''
2020-10-31 17:21:28.382  INFO 46008 --- [restartedMain] DeferredRepositoryInitializationListener : Triggering deferred initialization of Spring Data repositories…
2020-10-31 17:21:28.382  INFO 46008 --- [restartedMain] DeferredRepositoryInitializationListener : Spring Data repositories initialized!
2020-10-31 17:21:28.390  INFO 46008 --- [restartedMain] com.gqlxc.blog.BlogApplication           : Started BlogApplication in 2.286 seconds (JVM running for 3.163)
2020-10-31 17:21:28.856  INFO 46008 --- [task-1] com.zaxxer.hikari.HikariDataSource       : HikariPool-1 - Start completed.
2020-10-31 17:21:28.905  INFO 46008 --- [task-1] org.hibernate.dialect.Dialect            : HHH000400: Using dialect: org.hibernate.dialect.MySQL55Dialect
2020-10-31 17:21:29.357  INFO 46008 --- [task-1] o.h.e.t.j.p.i.JtaPlatformInitiator       : HHH000490: Using JtaPlatform implementation: [org.hibernate.engine.transaction.jta.platform.internal.NoJtaPlatform]
2020-10-31 17:21:29.366  INFO 46008 --- [task-1] j.LocalContainerEntityManagerFactoryBean : Initialized JPA EntityManagerFactory for persistence unit 'default'
2020-10-31 17:23:14.581  INFO 65916 --- [restartedMain] com.gqlxc.blog.BlogApplication           : Starting BlogApplication on DESKTOP-7HCDM5H with PID 65916 (D:\ideaproject\blog\target\classes started by 86135 in D:\ideaproject\blog)
2020-10-31 17:23:14.584 DEBUG 65916 --- [restartedMain] com.gqlxc.blog.BlogApplication           : Running with Spring Boot v2.3.5.RELEASE, Spring v5.2.10.RELEASE
2020-10-31 17:23:14.584  INFO 65916 --- [restartedMain] com.gqlxc.blog.BlogApplication           : The following profiles are active: dev
2020-10-31 17:23:14.662  INFO 65916 --- [restartedMain] .e.DevToolsPropertyDefaultsPostProcessor : Devtools property defaults active! Set 'spring.devtools.add-properties' to 'false' to disable
2020-10-31 17:23:14.663  INFO 65916 --- [restartedMain] .e.DevToolsPropertyDefaultsPostProcessor : For additional web related logging consider setting the 'logging.level.web' property to 'DEBUG'
2020-10-31 17:23:15.152  INFO 65916 --- [restartedMain] .s.d.r.c.RepositoryConfigurationDelegate : Bootstrapping Spring Data JPA repositories in DEFERRED mode.
2020-10-31 17:23:15.170  INFO 65916 --- [restartedMain] .s.d.r.c.RepositoryConfigurationDelegate : Finished Spring Data repository scanning in 10ms. Found 0 JPA repository interfaces.
2020-10-31 17:23:15.701  INFO 65916 --- [restartedMain] o.s.b.w.embedded.tomcat.TomcatWebServer  : Tomcat initialized with port(s): 8080 (http)
2020-10-31 17:23:15.708  INFO 65916 --- [restartedMain] o.apache.catalina.core.StandardService   : Starting service [Tomcat]
2020-10-31 17:23:15.709  INFO 65916 --- [restartedMain] org.apache.catalina.core.StandardEngine  : Starting Servlet engine: [Apache Tomcat/9.0.39]
2020-10-31 17:23:15.788  INFO 65916 --- [restartedMain] o.a.c.c.C.[Tomcat].[localhost].[/]       : Initializing Spring embedded WebApplicationContext
2020-10-31 17:23:15.788  INFO 65916 --- [restartedMain] w.s.c.ServletWebServerApplicationContext : Root WebApplicationContext: initialization completed in 1125 ms
2020-10-31 17:23:15.927  INFO 65916 --- [restartedMain] o.s.s.concurrent.ThreadPoolTaskExecutor  : Initializing ExecutorService 'applicationTaskExecutor'
2020-10-31 17:23:15.962  INFO 65916 --- [task-1] o.hibernate.jpa.internal.util.LogHelper  : HHH000204: Processing PersistenceUnitInfo [name: default]
2020-10-31 17:23:15.996  WARN 65916 --- [restartedMain] JpaBaseConfiguration$JpaWebConfiguration : spring.jpa.open-in-view is enabled by default. Therefore, database queries may be performed during view rendering. Explicitly configure spring.jpa.open-in-view to disable this warning
2020-10-31 17:23:16.010  INFO 65916 --- [task-1] org.hibernate.Version                    : HHH000412: Hibernate ORM core version 5.4.22.Final
2020-10-31 17:23:16.124  INFO 65916 --- [task-1] o.hibernate.annotations.common.Version   : HCANN000001: Hibernate Commons Annotations {5.1.0.Final}
2020-10-31 17:23:16.212  INFO 65916 --- [task-1] com.zaxxer.hikari.HikariDataSource       : HikariPool-1 - Starting...
2020-10-31 17:23:16.213  WARN 65916 --- [task-1] com.zaxxer.hikari.util.DriverDataSource  : Registered driver with driverClassName=com.mysql.jdbc.Driver was not found, trying direct instantiation.
2020-10-31 17:23:16.243  WARN 65916 --- [restartedMain] ion$DefaultTemplateResolverConfiguration : Cannot find template location: classpath:/templates/ (please add some templates or check your Thymeleaf configuration)
2020-10-31 17:23:16.332  INFO 65916 --- [restartedMain] o.s.b.d.a.OptionalLiveReloadServer       : LiveReload server is running on port 35729
2020-10-31 17:23:16.369  INFO 65916 --- [restartedMain] o.s.b.w.embedded.tomcat.TomcatWebServer  : Tomcat started on port(s): 8080 (http) with context path ''
2020-10-31 17:23:16.371  INFO 65916 --- [restartedMain] DeferredRepositoryInitializationListener : Triggering deferred initialization of Spring Data repositories…
2020-10-31 17:23:16.371  INFO 65916 --- [restartedMain] DeferredRepositoryInitializationListener : Spring Data repositories initialized!
2020-10-31 17:23:16.378  INFO 65916 --- [restartedMain] com.gqlxc.blog.BlogApplication           : Started BlogApplication in 2.267 seconds (JVM running for 3.169)
2020-10-31 17:23:16.787  INFO 65916 --- [task-1] com.zaxxer.hikari.HikariDataSource       : HikariPool-1 - Start completed.
2020-10-31 17:23:16.810  INFO 65916 --- [task-1] org.hibernate.dialect.Dialect            : HHH000400: Using dialect: org.hibernate.dialect.MySQL55Dialect
2020-10-31 17:23:17.035  INFO 65916 --- [task-1] o.h.e.t.j.p.i.JtaPlatformInitiator       : HHH000490: Using JtaPlatform implementation: [org.hibernate.engine.transaction.jta.platform.internal.NoJtaPlatform]
2020-10-31 17:23:17.040  INFO 65916 --- [task-1] j.LocalContainerEntityManagerFactoryBean : Initialized JPA EntityManagerFactory for persistence unit 'default'
2020-10-31 17:25:25.410  INFO 45684 --- [restartedMain] com.gqlxc.blog.BlogApplication           : Starting BlogApplication on DESKTOP-7HCDM5H with PID 45684 (D:\ideaproject\blog\target\classes started by 86135 in D:\ideaproject\blog)
2020-10-31 17:25:25.412 DEBUG 45684 --- [restartedMain] com.gqlxc.blog.BlogApplication           : Running with Spring Boot v2.3.5.RELEASE, Spring v5.2.10.RELEASE
2020-10-31 17:25:25.412  INFO 45684 --- [restartedMain] com.gqlxc.blog.BlogApplication           : The following profiles are active: dev
2020-10-31 17:25:25.476  INFO 45684 --- [restartedMain] .e.DevToolsPropertyDefaultsPostProcessor : Devtools property defaults active! Set 'spring.devtools.add-properties' to 'false' to disable
2020-10-31 17:25:25.476  INFO 45684 --- [restartedMain] .e.DevToolsPropertyDefaultsPostProcessor : For additional web related logging consider setting the 'logging.level.web' property to 'DEBUG'
2020-10-31 17:25:25.977  INFO 45684 --- [restartedMain] .s.d.r.c.RepositoryConfigurationDelegate : Bootstrapping Spring Data JPA repositories in DEFERRED mode.
2020-10-31 17:25:25.996  INFO 45684 --- [restartedMain] .s.d.r.c.RepositoryConfigurationDelegate : Finished Spring Data repository scanning in 10ms. Found 0 JPA repository interfaces.
2020-10-31 17:25:26.512  INFO 45684 --- [restartedMain] o.s.b.w.embedded.tomcat.TomcatWebServer  : Tomcat initialized with port(s): 8080 (http)
2020-10-31 17:25:26.522  INFO 45684 --- [restartedMain] o.apache.catalina.core.StandardService   : Starting service [Tomcat]
2020-10-31 17:25:26.522  INFO 45684 --- [restartedMain] org.apache.catalina.core.StandardEngine  : Starting Servlet engine: [Apache Tomcat/9.0.39]
2020-10-31 17:25:26.601  INFO 45684 --- [restartedMain] o.a.c.c.C.[Tomcat].[localhost].[/]       : Initializing Spring embedded WebApplicationContext
2020-10-31 17:25:26.601  INFO 45684 --- [restartedMain] w.s.c.ServletWebServerApplicationContext : Root WebApplicationContext: initialization completed in 1124 ms
2020-10-31 17:25:26.740  INFO 45684 --- [restartedMain] o.s.s.concurrent.ThreadPoolTaskExecutor  : Initializing ExecutorService 'applicationTaskExecutor'
2020-10-31 17:25:26.773  INFO 45684 --- [task-1] o.hibernate.jpa.internal.util.LogHelper  : HHH000204: Processing PersistenceUnitInfo [name: default]
2020-10-31 17:25:26.798  WARN 45684 --- [restartedMain] JpaBaseConfiguration$JpaWebConfiguration : spring.jpa.open-in-view is enabled by default. Therefore, database queries may be performed during view rendering. Explicitly configure spring.jpa.open-in-view to disable this warning
2020-10-31 17:25:26.815  INFO 45684 --- [task-1] org.hibernate.Version                    : HHH000412: Hibernate ORM core version 5.4.22.Final
2020-10-31 17:25:26.923  INFO 45684 --- [task-1] o.hibernate.annotations.common.Version   : HCANN000001: Hibernate Commons Annotations {5.1.0.Final}
2020-10-31 17:25:27.006  INFO 45684 --- [task-1] com.zaxxer.hikari.HikariDataSource       : HikariPool-1 - Starting...
2020-10-31 17:25:27.007  WARN 45684 --- [task-1] com.zaxxer.hikari.util.DriverDataSource  : Registered driver with driverClassName=com.mysql.jdbc.Driver was not found, trying direct instantiation.
2020-10-31 17:25:27.032  WARN 45684 --- [restartedMain] ion$DefaultTemplateResolverConfiguration : Cannot find template location: classpath:/templates/ (please add some templates or check your Thymeleaf configuration)
2020-10-31 17:25:27.121  INFO 45684 --- [restartedMain] o.s.b.d.a.OptionalLiveReloadServer       : LiveReload server is running on port 35729
2020-10-31 17:25:27.159  INFO 45684 --- [restartedMain] o.s.b.w.embedded.tomcat.TomcatWebServer  : Tomcat started on port(s): 8080 (http) with context path ''
2020-10-31 17:25:27.166  INFO 45684 --- [restartedMain] DeferredRepositoryInitializationListener : Triggering deferred initialization of Spring Data repositories…
2020-10-31 17:25:27.167  INFO 45684 --- [restartedMain] DeferredRepositoryInitializationListener : Spring Data repositories initialized!
2020-10-31 17:25:27.174  INFO 45684 --- [restartedMain] com.gqlxc.blog.BlogApplication           : Started BlogApplication in 2.245 seconds (JVM running for 3.154)
2020-10-31 17:25:27.577  INFO 45684 --- [task-1] com.zaxxer.hikari.HikariDataSource       : HikariPool-1 - Start completed.
2020-10-31 17:25:27.594  INFO 45684 --- [task-1] org.hibernate.dialect.Dialect            : HHH000400: Using dialect: org.hibernate.dialect.MySQL55Dialect
2020-10-31 17:25:27.728  INFO 45684 --- [task-1] o.h.e.t.j.p.i.JtaPlatformInitiator       : HHH000490: Using JtaPlatform implementation: [org.hibernate.engine.transaction.jta.platform.internal.NoJtaPlatform]
2020-10-31 17:25:27.739  INFO 45684 --- [task-1] j.LocalContainerEntityManagerFactoryBean : Initialized JPA EntityManagerFactory for persistence unit 'default'
